<?xml version="1.0" encoding="UTF-8"?>
<testng-results ignored="0" total="1" passed="1" failed="0" skipped="0">
  <reporter-output>
  </reporter-output>
  <suite started-at="2021-11-19T06:51:44 IST" name="Default suite" finished-at="2021-11-19T06:51:50 IST" duration-ms="6634">
    <groups>
    </groups>
    <test started-at="2021-11-19T06:51:44 IST" name="Default test" finished-at="2021-11-19T06:51:50 IST" duration-ms="6634">
      <class name="RestAssuredPracticeExample">
        <test-method signature="test1()[pri:0, instance:RestAssuredPracticeExample@503d687a]" started-at="2021-11-19T06:51:44 IST" name="test1" finished-at="2021-11-19T06:51:50 IST" duration-ms="6600" status="PASS">
          <reporter-output>
          </reporter-output>
        </test-method> <!-- test1 -->
      </class> <!-- RestAssuredPracticeExample -->
    </test> <!-- Default test -->
  </suite> <!-- Default suite -->
</testng-results>
